
                         MODELLER 10.4, 2022/10/28, r12463

     PROTEIN STRUCTURE MODELLING BY SATISFACTION OF SPATIAL RESTRAINTS


                     Copyright(c) 1989-2022 Andrej Sali
                            All Rights Reserved

                             Written by A. Sali
                               with help from
              B. Webb, M.S. Madhusudhan, M-Y. Shen, G.Q. Dong,
          M.A. Marti-Renom, N. Eswar, F. Alber, M. Topf, B. Oliva,
             A. Fiser, R. Sanchez, B. Yerkovich, A. Badretdinov,
                     F. Melo, J.P. Overington, E. Feyfant
                 University of California, San Francisco, USA
                    Rockefeller University, New York, USA
                      Harvard University, Cambridge, USA
                   Imperial Cancer Research Fund, London, UK
              Birkbeck College, University of London, London, UK


Kind, OS, HostName, Kernel, Processor: 4, Windows Vista build 9200, DESKTOP-7A6I0V4, SMP, unknown
Date and time of compilation         : 2022/10/28 21:14:25
MODELLER executable type             : x86_64-w64
Job starting time (YY/MM/DD HH:MM:SS): 2023/01/10 10:17:38

openf___224_> Open           $(LIB)/restyp.lib
openf___224_> Open           ${MODINSTALL10v4}/modlib/resgrp.lib
rdresgr_266_> Number of residue groups:        2
openf___224_> Open           ${MODINSTALL10v4}/modlib/sstruc.lib

Dynamically allocated memory at   amaxlibraries [B,KiB,MiB]:       191566     187.076     0.183

Dynamically allocated memory at   amaxlibraries [B,KiB,MiB]:       192094     187.592     0.183
openf___224_> Open           ${MODINSTALL10v4}/modlib/resdih.lib

Dynamically allocated memory at   amaxlibraries [B,KiB,MiB]:       240694     235.053     0.230
rdrdih__263_> Number of dihedral angle types         :        9
              Maximal number of dihedral angle optima:        3
              Dihedral angle names                   :  Alph Phi Psi Omeg chi1 chi2 chi3 chi4 chi5
openf___224_> Open           ${MODINSTALL10v4}/modlib/radii.lib

Dynamically allocated memory at   amaxlibraries [B,KiB,MiB]:       253994     248.041     0.242
openf___224_> Open           ${MODINSTALL10v4}/modlib/af_mnchdef.lib
rdwilmo_274_> Mainchain residue conformation classes:  APBLE
openf___224_> Open           ${MODINSTALL10v4}/modlib/mnch.lib
rdclass_257_> Number of classes:        5
openf___224_> Open           ${MODINSTALL10v4}/modlib/mnch1.lib
openf___224_> Open           ${MODINSTALL10v4}/modlib/mnch2.lib
openf___224_> Open           ${MODINSTALL10v4}/modlib/mnch3.lib
openf___224_> Open           ${MODINSTALL10v4}/modlib/xs4.mat
rdrrwgh_268_> Number of residue types:       21
openf___224_> Open           alignment.ali

Dynamically allocated memory at   amaxalignment [B,KiB,MiB]:       265959     259.726     0.254

Dynamically allocated memory at   amaxalignment [B,KiB,MiB]:       267409     261.142     0.255

Dynamically allocated memory at   amaxalignment [B,KiB,MiB]:       270309     263.974     0.258

Dynamically allocated memory at   amaxalignment [B,KiB,MiB]:       276109     269.638     0.263

Dynamically allocated memory at   amaxalignment [B,KiB,MiB]:       405317     395.817     0.387

Dynamically allocated memory at    amaxsequence [B,KiB,MiB]:       406529     397.001     0.388

Dynamically allocated memory at    amaxsequence [B,KiB,MiB]:       407749     398.192     0.389

Read the alignment from file       : alignment.ali

Total number of alignment positions:   306

  #  Code        #_Res #_Segm PDB_code    Name
-------------------------------------------------------------------------------
  1       5r84     304      1        5r84 MOL_ID  1; MOLECULE  3C-LIKE PROTEINASE; CHAIN  A; SYNONYM  SARS-COV-2 MAIN PROT
  2  5r84_fill     306      1
check_a_343_> >> BEGINNING OF COMMAND
openf___224_> Open           .\5r84.pdb

Dynamically allocated memory at amaxcoordinates [B,KiB,MiB]:       500674     488.939     0.477

Dynamically allocated memory at    amaxsequence [B,KiB,MiB]:       500674     488.939     0.477

Dynamically allocated memory at amaxcoordinates [B,KiB,MiB]:       500845     489.106     0.478

Dynamically allocated memory at amaxcoordinates [B,KiB,MiB]:       501695     489.937     0.478

Dynamically allocated memory at amaxcoordinates [B,KiB,MiB]:       502953     491.165     0.480

Dynamically allocated memory at amaxcoordinates [B,KiB,MiB]:       504857     493.024     0.481

Dynamically allocated memory at    amaxsequence [B,KiB,MiB]:       504857     493.024     0.481

Dynamically allocated memory at amaxcoordinates [B,KiB,MiB]:       504947     493.112     0.482

Dynamically allocated memory at amaxcoordinates [B,KiB,MiB]:       507803     495.901     0.484

Dynamically allocated memory at    amaxsequence [B,KiB,MiB]:       507803     495.901     0.484

Dynamically allocated memory at amaxcoordinates [B,KiB,MiB]:       507938     496.033     0.484

Dynamically allocated memory at amaxcoordinates [B,KiB,MiB]:       512222     500.217     0.488

Dynamically allocated memory at    amaxsequence [B,KiB,MiB]:       512222     500.217     0.488

Dynamically allocated memory at amaxcoordinates [B,KiB,MiB]:       512420     500.410     0.489

Dynamically allocated memory at amaxcoordinates [B,KiB,MiB]:       518846     506.686     0.495

Dynamically allocated memory at    amaxsequence [B,KiB,MiB]:       518846     506.686     0.495

Dynamically allocated memory at amaxcoordinates [B,KiB,MiB]:       519143     506.976     0.495

Dynamically allocated memory at amaxcoordinates [B,KiB,MiB]:       528765     516.372     0.504

Dynamically allocated memory at    amaxsequence [B,KiB,MiB]:       528765     516.372     0.504

Dynamically allocated memory at amaxcoordinates [B,KiB,MiB]:       529215     516.812     0.505

Dynamically allocated memory at amaxcoordinates [B,KiB,MiB]:       543665     530.923     0.518

Dynamically allocated memory at    amaxsequence [B,KiB,MiB]:       543665     530.923     0.518

Dynamically allocated memory at amaxcoordinates [B,KiB,MiB]:       544340     531.582     0.519

Dynamically allocated memory at amaxcoordinates [B,KiB,MiB]:       565998     552.732     0.540

Dynamically allocated memory at    amaxsequence [B,KiB,MiB]:       565998     552.732     0.540

Dynamically allocated memory at amaxcoordinates [B,KiB,MiB]:       567006     553.717     0.541

Dynamically allocated memory at amaxcoordinates [B,KiB,MiB]:       599510     585.459     0.572

Dynamically allocated memory at   amaxstructure [B,KiB,MiB]:       599213     585.169     0.571

check_ali___> Checking the sequence-structure alignment. 

Implied intrachain target CA(i)-CA(i+1) distances longer than  8.0 angstroms:

ALN_POS  TMPL  RID1  RID2  NAM1  NAM2     DIST
----------------------------------------------
END OF TABLE
check_a_344_> << END OF COMMAND
openf___224_> Open           ${LIB}/top_heav.lib
read_to_681_> topology.submodel read from topology file:        3
openf___224_> Open           ${LIB}/par.lib

Dynamically allocated memory at  amaxparameters [B,KiB,MiB]:       738465     721.157     0.704

Dynamically allocated memory at  amaxparameters [B,KiB,MiB]:       740065     722.720     0.706

Dynamically allocated memory at  amaxparameters [B,KiB,MiB]:       744045     726.606     0.710

Dynamically allocated memory at  amaxparameters [B,KiB,MiB]:       746045     728.560     0.711

Dynamically allocated memory at  amaxparameters [B,KiB,MiB]:       749045     731.489     0.714

Dynamically allocated memory at  amaxparameters [B,KiB,MiB]:       753545     735.884     0.719

Dynamically allocated memory at  amaxparameters [B,KiB,MiB]:       759117     741.325     0.724

Dynamically allocated memory at  amaxparameters [B,KiB,MiB]:       761917     744.060     0.727

Dynamically allocated memory at  amaxparameters [B,KiB,MiB]:       766117     748.161     0.731

Dynamically allocated memory at  amaxparameters [B,KiB,MiB]:       772417     754.313     0.737

Dynamically allocated memory at  amaxparameters [B,KiB,MiB]:       775189     757.021     0.739

Dynamically allocated memory at  amaxparameters [B,KiB,MiB]:       776589     758.388     0.741
read_pa_232_> parameters    BONDS   ANGLS  DIHEDS IMPROPS    MODE
                              227     561     661     112       0

Dynamically allocated memory at       amaxmodel [B,KiB,MiB]:       824474     805.150     0.786

Dynamically allocated memory at       amaxmodel [B,KiB,MiB]:      1058302    1033.498     1.009

Dynamically allocated memory at       amaxmodel [B,KiB,MiB]:      1094446    1068.795     1.044

mkilst______> segment topology constructed from sequence and RTF:
              segments residues  atoms  bonds angles dihedrals impropers:
                     1      306   2367   2420      0         0      1049

Dynamically allocated memory at       amaxmodel [B,KiB,MiB]:      1195998    1167.967     1.141

patch_______> segment topology patched using RTF:  1 ;  SER  ;  NTER
              segments residues  atoms  bonds angles dihedrals impropers:
                     1      306   2367   2420   3289      3882      1049


Dynamically allocated memory at       amaxmodel [B,KiB,MiB]:      1306494    1275.873     1.246
patch_______> segment topology patched using RTF:  306 ;  GLN  ;  CTER
              segments residues  atoms  bonds angles dihedrals impropers:
                     1      306   2368   2421   3291      3884      1050

genseg______> segment topology constructed from sequence and RTF:
              segments residues  atoms  bonds angles dihedrals impropers:
                     1      306   2368   2421   3291      3884      1050
transfe_506_> MODEL is an average of all templates.
transfe_511_> Number of templates for coordinate transfer:        1
              After transferring coordinates of the equivalent template atoms,
              there are defined, undefined atoms in MODEL:     2347       21
openf___224_> Open           5r84_fill.ini
wrpdb___568_> Residues, atoms, selected atoms:      306     2368     2368
make_re_417_> Restraint type to be calculated:  stereo

Dynamically allocated memory at  amaxrestraints [B,KiB,MiB]:      1413943    1380.804     1.348

Dynamically allocated memory at  amaxrestraints [B,KiB,MiB]:      1422135    1388.804     1.356

Dynamically allocated memory at  amaxrestraints [B,KiB,MiB]:      1438519    1404.804     1.372

Dynamically allocated memory at  amaxrestraints [B,KiB,MiB]:      1471287    1436.804     1.403

Dynamically allocated memory at  amaxrestraints [B,KiB,MiB]:      1504055    1468.804     1.434

Dynamically allocated memory at  amaxrestraints [B,KiB,MiB]:      1569591    1532.804     1.497

Dynamically allocated memory at  amaxrestraints [B,KiB,MiB]:      1602359    1564.804     1.528

Dynamically allocated memory at  amaxrestraints [B,KiB,MiB]:      1635127    1596.804     1.559

Dynamically allocated memory at  amaxrestraints [B,KiB,MiB]:      1700663    1660.804     1.622

Dynamically allocated memory at  amaxrestraints [B,KiB,MiB]:      1831735    1788.804     1.747

Dynamically allocated memory at  amaxrestraints [B,KiB,MiB]:      1897271    1852.804     1.809

Dynamically allocated memory at  amaxrestraints [B,KiB,MiB]:      1962807    1916.804     1.872

Dynamically allocated memory at  amaxrestraints [B,KiB,MiB]:      2093879    2044.804     1.997

Dynamically allocated memory at  amaxrestraints [B,KiB,MiB]:      2356023    2300.804     2.247

Dynamically allocated memory at  amaxrestraints [B,KiB,MiB]:      2487095    2428.804     2.372
r_stere_606_> Stereochemical restraints were constructed from RTF & PRMF.
              Added bond,angle,dihedral,improper restraints  :     2421    3291    3702    1037
              Total number of restraints before, now         :        0    10451
make_re_422_> Number of previous, current restraints         :        0    10451
make_re_423_> Number of previous, current selected restraints:        0    10451
make_re_417_> Restraint type to be calculated:  phi-psi_binormal

Dynamically allocated memory at   amaxstructure [B,KiB,MiB]:      2661196    2598.824     2.538
openf___224_> Open           ${MODINSTALL10v4}/modlib/mnch1.bin
openf___224_> Open           ${MODINSTALL10v4}/modlib/mnch1.mdt
getdata_643_> Protein accepted:  5r84
getdata_289_> Proteins (all/accepted):        1        1
make_re_422_> Number of previous, current restraints         :    10451    10755
make_re_423_> Number of previous, current selected restraints:    10451    10755
make_re_417_> Restraint type to be calculated:  omega_dihedral

Dynamically allocated memory at   amaxstructure [B,KiB,MiB]:      2661212    2598.840     2.538
openf___224_> Open           ${MODINSTALL10v4}/modlib/omega.bin
openf___224_> Open           ${MODINSTALL10v4}/modlib/omega.mdt
getdata_643_> Protein accepted:  5r84
getdata_289_> Proteins (all/accepted):        1        1
omgdel__425_> Unselected all O C +N +CA dihedrals:      318
              (This is to avoid clashes between STEREO
              and OMEGA_DIHEDRAL restraints)
make_re_422_> Number of previous, current restraints         :    10755    11060
make_re_423_> Number of previous, current selected restraints:    10755    10742
make_re_417_> Restraint type to be calculated:  chi1_dihedral

Dynamically allocated memory at   amaxstructure [B,KiB,MiB]:      2661212    2598.840     2.538
openf___224_> Open           ${MODINSTALL10v4}/modlib/chi1234.bin
openf___224_> Open           ${MODINSTALL10v4}/modlib/chi1.mdt
getdata_643_> Protein accepted:  5r84
getdata_289_> Proteins (all/accepted):        1        1

Dynamically allocated memory at  amaxrestraints [B,KiB,MiB]:      2792284    2726.840     2.663
make_re_422_> Number of previous, current restraints         :    11060    11323
make_re_423_> Number of previous, current selected restraints:    10742    11005
make_re_417_> Restraint type to be calculated:  chi2_dihedral

Dynamically allocated memory at   amaxstructure [B,KiB,MiB]:      2792284    2726.840     2.663
openf___224_> Open           ${MODINSTALL10v4}/modlib/chi1234.bin
openf___224_> Open           ${MODINSTALL10v4}/modlib/chi2.mdt
getdata_643_> Protein accepted:  5r84
getdata_289_> Proteins (all/accepted):        1        1
make_re_422_> Number of previous, current restraints         :    11323    11507
make_re_423_> Number of previous, current selected restraints:    11005    11189
make_re_417_> Restraint type to be calculated:  chi3_dihedral

Dynamically allocated memory at   amaxstructure [B,KiB,MiB]:      2792284    2726.840     2.663
openf___224_> Open           ${MODINSTALL10v4}/modlib/chi1234.bin
openf___224_> Open           ${MODINSTALL10v4}/modlib/chi3.mdt
getdata_643_> Protein accepted:  5r84
getdata_289_> Proteins (all/accepted):        1        1
make_re_422_> Number of previous, current restraints         :    11507    11575
make_re_423_> Number of previous, current selected restraints:    11189    11257
make_re_417_> Restraint type to be calculated:  chi4_dihedral

Dynamically allocated memory at   amaxstructure [B,KiB,MiB]:      2792284    2726.840     2.663
openf___224_> Open           ${MODINSTALL10v4}/modlib/chi1234.bin
openf___224_> Open           ${MODINSTALL10v4}/modlib/chi4.mdt
mdtrsr__446W> A potential that relies on one protein is used, yet you have at
              least one known structure available. MDT, not library, potential is used.
getdata_643_> Protein accepted:  5r84
getdata_289_> Proteins (all/accepted):        1        1
make_re_422_> Number of previous, current restraints         :    11575    11597
make_re_423_> Number of previous, current selected restraints:    11257    11279
make_re_417_> Restraint type to be calculated:  DISTANCE

Dynamically allocated memory at amaxhash_contac [B,KiB,MiB]:      3474232    3392.805     3.313

Dynamically allocated memory at  amaxrestraints [B,KiB,MiB]:      3736376    3648.805     3.563
make_re_422_> Number of previous, current restraints         :    11597    18084
make_re_423_> Number of previous, current selected restraints:    11279    17766
make_re_417_> Restraint type to be calculated:  DISTANCE

Dynamically allocated memory at  amaxrestraints [B,KiB,MiB]:      4260664    4160.805     4.063

Dynamically allocated memory at  amaxrestraints [B,KiB,MiB]:      4522808    4416.805     4.313

Dynamically allocated memory at  amaxrestraints [B,KiB,MiB]:      4784952    4672.805     4.563
make_re_422_> Number of previous, current restraints         :    18084    24652
make_re_423_> Number of previous, current selected restraints:    17766    24334
make_re_417_> Restraint type to be calculated:  DISTANCE
make_re_422_> Number of previous, current restraints         :    24652    29876
make_re_423_> Number of previous, current selected restraints:    24334    29558
make_re_417_> Restraint type to be calculated:  DISTANCE

Dynamically allocated memory at  amaxrestraints [B,KiB,MiB]:      5309240    5184.805     5.063
make_re_422_> Number of previous, current restraints         :    29876    33127
make_re_423_> Number of previous, current selected restraints:    29558    32809
0 atoms in HETATM/BLK residues constrained
to protein atoms within 2.30 angstroms
and protein CA atoms within 10.00 angstroms
make_re_417_> Restraint type to be calculated:  DISTANCE
make_re_422_> Number of previous, current restraints         :    33127    33127
make_re_423_> Number of previous, current selected restraints:    32809    32809
make_re_417_> Restraint type to be calculated:  DISTANCE
make_re_422_> Number of previous, current restraints         :    33127    33127
make_re_423_> Number of previous, current selected restraints:    32809    32809
make_re_417_> Restraint type to be calculated:  DISTANCE
make_re_422_> Number of previous, current restraints         :    33127    33127
make_re_423_> Number of previous, current selected restraints:    32809    32809
make_re_417_> Restraint type to be calculated:  DISTANCE
make_re_422_> Number of previous, current restraints         :    33127    33127
make_re_423_> Number of previous, current selected restraints:    32809    32809
0 atoms in residues without defined topology
constrained to be rigid bodies
make_re_417_> Restraint type to be calculated:  DISTANCE
make_re_422_> Number of previous, current restraints         :    33127    33127
make_re_423_> Number of previous, current selected restraints:    32809    32809
rmdupl__427_>     1826 redundant cosine dihedral restraints were unselected.
condens_443_> Restraints marked for deletion were removed.
              Total number of restraints before, now:    33127    30983
openf___224_> Open           5r84_fill.rsr
openf___224_> Open           5r84_fill.rsr

Dynamically allocated memory at  amaxrestraints [B,KiB,MiB]:      5322774    5198.021     5.076

Dynamically allocated memory at  amaxrestraints [B,KiB,MiB]:      6109206    5966.021     5.826
rdcsr2__307_> Number of restraints read    :    30983
              Number of excluded pairs read:        0
              Number of pseudo atoms read  :        0
rdcsrs__304_> Restraints in memory, selected restraints:    30983    30983
              Explicitly excluded atom pairs in memory :        0
              Pseudo atoms in memory                   :        0
28 (of 2368 total) atoms selected for optimization
openf___224_> Open           5r84_fill.ini

Dynamically allocated memory at       amaxmodel [B,KiB,MiB]:      6109238    5966.053     5.826
read_mo_297_> Segments, residues, atoms:        1      306     2368
read_mo_298_> Segment:        1  1:A  306:A     2368
randomi_498_> Atoms,selected atoms,random_seed,amplitude:     2368       28        1        4.0000
randomi_496_> Amplitude is > 0; randomization is done.
pick_re_612_> Number of MODEL atoms, selected restraints;       28      146
pick_re_612_> Number of MODEL atoms, selected restraints;       28      150
pick_re_612_> Number of MODEL atoms, selected restraints;       28      155
pick_re_612_> Number of MODEL atoms, selected restraints;       28      162
pick_re_612_> Number of MODEL atoms, selected restraints;       28      162
pick_re_612_> Number of MODEL atoms, selected restraints;       28      162
pick_re_612_> Number of MODEL atoms, selected restraints;       28      162
pick_re_612_> Number of MODEL atoms, selected restraints;       28      162
pick_re_612_> Number of MODEL atoms, selected restraints;       28      162

Dynamically allocated memory at  amaxrestraints [B,KiB,MiB]:      6458642    6307.268     6.159
pick_re_612_> Number of MODEL atoms, selected restraints;       28      178
pick_re_612_> Number of MODEL atoms, selected restraints;       28      189
pick_re_612_> Number of MODEL atoms, selected restraints;       28      189
iupac_m_485_> OD1/2 will be swapped:      137.6314       48  48
iupac_m_487_> NH1/2 swapped:     -179.7391       60  60
iupac_m_483_> CD1/2 CE1/2 swapped:       91.9060      126  126
iupac_m_397W> Atoms were not swapped because of the uncertainty of how to handle the H atom.
iupac_m_483_> CD1/2 CE1/2 swapped:       94.5897      181  181
iupac_m_397W> Atoms were not swapped because of the uncertainty of how to handle the H atom.
iupac_m_487_> NH1/2 swapped:     -179.3225      279  279
iupac_m_487_> NH1/2 swapped:      179.3167      298  298


>> ENERGY; Differences between the model's features and restraints:
Number of all residues in MODEL                   :      306
Number of all, selected real atoms                :     2368      28
Number of all, selected pseudo atoms              :        0       0
Number of all static, selected restraints         :    30983     189
COVALENT_CYS                                      :        F
NONBONDED_SEL_ATOMS                               :        1
Number of non-bonded pairs (excluding 1-2,1-3,1-4):       55
Dynamic pairs routine                             : 5, NATM_SEL x NATM double loop
Atomic shift for contacts update (UPDATE_DYNAMIC) :    0.390
LENNARD_JONES_SWITCH                              :    6.500   7.500
COULOMB_JONES_SWITCH                              :    6.500   7.500
RESIDUE_SPAN_RANGE                                :        0   99999
NLOGN_USE                                         :       15
CONTACT_SHELL                                     :    4.000
DYNAMIC_PAIRS,_SPHERE,_COULOMB,_LENNARD,_MODELLER :        T       T       F       F       F
SPHERE_STDV                                       :    0.050
RADII_FACTOR                                      :    0.820
Current energy                                    :          24.8556





Summary of the restraint violations: 

   NUM     ... number of restraints.
   NUMVI   ... number of restraints with RVIOL > VIOL_REPORT_CUT[i].
   RVIOL   ... relative difference from the best value.
   NUMVP   ... number of restraints with -Ln(pdf) > VIOL_REPORT_CUT2[i].
   RMS_1   ... RMS(feature, minimally_violated_basis_restraint, NUMB).
   RMS_2   ... RMS(feature, best_value, NUMB).
   MOL.PDF ... scaled contribution to -Ln(Molecular pdf).

 #                     RESTRAINT_GROUP      NUM   NUMVI  NUMVP   RMS_1   RMS_2         MOL.PDF     S_i
------------------------------------------------------------------------------------------------------
 1 Bond length potential              :      29       0      0   0.005   0.005     0.18027       1.000
 2 Bond angle potential               :      40       0      0   2.026   2.026      2.7287       1.000
 3 Stereochemical cosine torsion poten:      25       0      1  47.161  47.161      6.7523       1.000
 4 Stereochemical improper torsion pot:      16       0      0   1.039   1.039     0.35830       1.000
 5 Soft-sphere overlap restraints     :      55       0      0   0.004   0.004     0.11350       1.000
 6 Lennard-Jones 6-12 potential       :       0       0      0   0.000   0.000      0.0000       1.000
 7 Coulomb point-point electrostatic p:       0       0      0   0.000   0.000      0.0000       1.000
 8 H-bonding potential                :       0       0      0   0.000   0.000      0.0000       1.000
 9 Distance restraints 1 (CA-CA)      :      23       0      0   0.108   0.108     0.22051       1.000
10 Distance restraints 2 (N-O)        :      23       0      0   0.338   0.338      1.4262       1.000
11 Mainchain Phi dihedral restraints  :       0       0      0   0.000   0.000      0.0000       1.000
12 Mainchain Psi dihedral restraints  :       0       0      0   0.000   0.000      0.0000       1.000
13 Mainchain Omega dihedral restraints:       3       0      0   0.654   0.654     0.15130E-01   1.000
14 Sidechain Chi_1 dihedral restraints:       3       0      0  96.270  96.270      1.5051       1.000
15 Sidechain Chi_2 dihedral restraints:       2       0      0   9.907   9.907     0.43272       1.000
16 Sidechain Chi_3 dihedral restraints:       1       0      0  31.642  31.642     0.89283       1.000
17 Sidechain Chi_4 dihedral restraints:       0       0      0   0.000   0.000      0.0000       1.000
18 Disulfide distance restraints      :       0       0      0   0.000   0.000      0.0000       1.000
19 Disulfide angle restraints         :       0       0      0   0.000   0.000      0.0000       1.000
20 Disulfide dihedral angle restraints:       0       0      0   0.000   0.000      0.0000       1.000
21 Lower bound distance restraints    :       0       0      0   0.000   0.000      0.0000       1.000
22 Upper bound distance restraints    :       0       0      0   0.000   0.000      0.0000       1.000
23 Distance restraints 3 (SDCH-MNCH)  :      21       0      0   0.428   0.428     0.71690E-01   1.000
24 Sidechain Chi_5 dihedral restraints:       0       0      0   0.000   0.000      0.0000       1.000
25 Phi/Psi pair of dihedral restraints:       3       1      1  63.165 131.918      10.158       1.000
26 Distance restraints 4 (SDCH-SDCH)  :       0       0      0   0.000   0.000      0.0000       1.000
27 Distance restraints 5 (X-Y)        :       0       0      0   0.000   0.000      0.0000       1.000
28 NMR distance restraints 6 (X-Y)    :       0       0      0   0.000   0.000      0.0000       1.000
29 NMR distance restraints 7 (X-Y)    :       0       0      0   0.000   0.000      0.0000       1.000
30 Minimal distance restraints        :       0       0      0   0.000   0.000      0.0000       1.000
31 Non-bonded restraints              :       0       0      0   0.000   0.000      0.0000       1.000
32 Atomic accessibility restraints    :       0       0      0   0.000   0.000      0.0000       1.000
33 Atomic density restraints          :       0       0      0   0.000   0.000      0.0000       1.000
34 Absolute position restraints       :       0       0      0   0.000   0.000      0.0000       1.000
35 Dihedral angle difference restraint:       0       0      0   0.000   0.000      0.0000       1.000
36 GBSA implicit solvent potential    :       0       0      0   0.000   0.000      0.0000       1.000
37 EM density fitting potential       :       0       0      0   0.000   0.000      0.0000       1.000
38 SAXS restraints                    :       0       0      0   0.000   0.000      0.0000       1.000
39 Symmetry restraints                :       0       0      0   0.000   0.000      0.0000       1.000



openf___224_> Open           5r84_fill.V99990001
# Heavy relative violation of each residue is written to: 5r84_fill.V99990001
# The profile is NOT normalized by the number of restraints.
# The profiles are smoothed over a window of residues:    1
# The sum of all numbers in the file:     445.9470



List of the violated restraints:
   A restraint is violated when the relative difference
   from the best value (RVIOL) is larger than CUTOFF.

   ICSR   ... index of a restraint in the current set.
   RESNO  ... residue numbers of the first two atoms.
   ATM    ... IUPAC atom names of the first two atoms.
   FEAT   ... the value of the feature in the model.
   restr  ... the mean of the basis restraint with the smallest
              difference from the model (local minimum).
   viol   ... difference from the local minimum.
   rviol  ... relative difference from the local minimum.
   RESTR  ... the best value (global minimum).
   VIOL   ... difference from the best value.
   RVIOL  ... relative difference from the best value.


-------------------------------------------------------------------------------------------------

Feature 25                           : Phi/Psi pair of dihedral restraints     
List of the RVIOL violations larger than   :       6.5000

    #   ICSR  RESNO1/2 ATM1/2   INDATM1/2    FEAT   restr    viol   rviol   RESTR    VIOL   RVIOL
    1   8611 304T 305F C   N    2346 2348  -92.72  -71.40   21.97    1.66  -63.20 -177.90   23.37
    1        305F 305F N   CA   2348 2349  135.39  140.70                  -44.30


report______> Distribution of short non-bonded contacts:

  serious non-bonded atom clash:  1630 1667   1.777

DISTANCE1:  0.00 2.10 2.20 2.30 2.40 2.50 2.60 2.70 2.80 2.90 3.00 3.10 3.20 3.30 3.40
DISTANCE2:  2.10 2.20 2.30 2.40 2.50 2.60 2.70 2.80 2.90 3.00 3.10 3.20 3.30 3.40 3.50
FREQUENCY:     1    0    0    0    0   15   25   50   98  116  156  211  280  331  435


<< end of ENERGY.
openf___224_> Open           5r84_fill.B99990001.pdb
wrpdb___568_> Residues, atoms, selected atoms:      306     2368     2368
openf___224_> Open           5r84_fill.ini

Dynamically allocated memory at       amaxmodel [B,KiB,MiB]:      6458674    6307.299     6.159
read_mo_297_> Segments, residues, atoms:        1      306     2368
read_mo_298_> Segment:        1  1:A  306:A     2368
randomi_498_> Atoms,selected atoms,random_seed,amplitude:     2368       28        1        4.0000
randomi_496_> Amplitude is > 0; randomization is done.
pick_re_612_> Number of MODEL atoms, selected restraints;       28      146
pick_re_612_> Number of MODEL atoms, selected restraints;       28      150
pick_re_612_> Number of MODEL atoms, selected restraints;       28      155
pick_re_612_> Number of MODEL atoms, selected restraints;       28      162
pick_re_612_> Number of MODEL atoms, selected restraints;       28      162
pick_re_612_> Number of MODEL atoms, selected restraints;       28      162
pick_re_612_> Number of MODEL atoms, selected restraints;       28      162
pick_re_612_> Number of MODEL atoms, selected restraints;       28      162
pick_re_612_> Number of MODEL atoms, selected restraints;       28      162
pick_re_612_> Number of MODEL atoms, selected restraints;       28      178
pick_re_612_> Number of MODEL atoms, selected restraints;       28      189
pick_re_612_> Number of MODEL atoms, selected restraints;       28      189
iupac_m_485_> OD1/2 will be swapped:      137.6314       48  48
iupac_m_487_> NH1/2 swapped:     -179.7391       60  60
iupac_m_483_> CD1/2 CE1/2 swapped:       91.9060      126  126
iupac_m_397W> Atoms were not swapped because of the uncertainty of how to handle the H atom.
iupac_m_483_> CD1/2 CE1/2 swapped:       94.5897      181  181
iupac_m_397W> Atoms were not swapped because of the uncertainty of how to handle the H atom.
iupac_m_487_> NH1/2 swapped:     -179.3225      279  279
iupac_m_487_> NH1/2 swapped:      179.3167      298  298
iupac_m_483_> CD1/2 CE1/2 swapped:      -93.6749      305  305
iupac_m_397W> Atoms were not swapped because of the uncertainty of how to handle the H atom.


>> ENERGY; Differences between the model's features and restraints:
Number of all residues in MODEL                   :      306
Number of all, selected real atoms                :     2368      28
Number of all, selected pseudo atoms              :        0       0
Number of all static, selected restraints         :    30983     189
COVALENT_CYS                                      :        F
NONBONDED_SEL_ATOMS                               :        1
Number of non-bonded pairs (excluding 1-2,1-3,1-4):       47
Dynamic pairs routine                             : 5, NATM_SEL x NATM double loop
Atomic shift for contacts update (UPDATE_DYNAMIC) :    0.390
LENNARD_JONES_SWITCH                              :    6.500   7.500
COULOMB_JONES_SWITCH                              :    6.500   7.500
RESIDUE_SPAN_RANGE                                :        0   99999
NLOGN_USE                                         :       15
CONTACT_SHELL                                     :    4.000
DYNAMIC_PAIRS,_SPHERE,_COULOMB,_LENNARD,_MODELLER :        T       T       F       F       F
SPHERE_STDV                                       :    0.050
RADII_FACTOR                                      :    0.820
Current energy                                    :          23.6139





Summary of the restraint violations: 

   NUM     ... number of restraints.
   NUMVI   ... number of restraints with RVIOL > VIOL_REPORT_CUT[i].
   RVIOL   ... relative difference from the best value.
   NUMVP   ... number of restraints with -Ln(pdf) > VIOL_REPORT_CUT2[i].
   RMS_1   ... RMS(feature, minimally_violated_basis_restraint, NUMB).
   RMS_2   ... RMS(feature, best_value, NUMB).
   MOL.PDF ... scaled contribution to -Ln(Molecular pdf).

 #                     RESTRAINT_GROUP      NUM   NUMVI  NUMVP   RMS_1   RMS_2         MOL.PDF     S_i
------------------------------------------------------------------------------------------------------
 1 Bond length potential              :      29       0      0   0.006   0.006     0.28050       1.000
 2 Bond angle potential               :      40       0      0   1.981   1.981      2.6079       1.000
 3 Stereochemical cosine torsion poten:      25       0      2  43.200  43.200      7.3592       1.000
 4 Stereochemical improper torsion pot:      16       0      0   0.800   0.800     0.22764       1.000
 5 Soft-sphere overlap restraints     :      47       0      0   0.002   0.002     0.30883E-01   1.000
 6 Lennard-Jones 6-12 potential       :       0       0      0   0.000   0.000      0.0000       1.000
 7 Coulomb point-point electrostatic p:       0       0      0   0.000   0.000      0.0000       1.000
 8 H-bonding potential                :       0       0      0   0.000   0.000      0.0000       1.000
 9 Distance restraints 1 (CA-CA)      :      23       0      0   0.133   0.133     0.33908       1.000
10 Distance restraints 2 (N-O)        :      23       0      0   0.311   0.311      1.0664       1.000
11 Mainchain Phi dihedral restraints  :       0       0      0   0.000   0.000      0.0000       1.000
12 Mainchain Psi dihedral restraints  :       0       0      0   0.000   0.000      0.0000       1.000
13 Mainchain Omega dihedral restraints:       3       0      0   3.542   3.542     0.44396       1.000
14 Sidechain Chi_1 dihedral restraints:       3       0      0  74.558  74.558     0.68612       1.000
15 Sidechain Chi_2 dihedral restraints:       2       0      0   4.889   4.889     0.11058       1.000
16 Sidechain Chi_3 dihedral restraints:       1       0      0 174.764 174.764      1.0991       1.000
17 Sidechain Chi_4 dihedral restraints:       0       0      0   0.000   0.000      0.0000       1.000
18 Disulfide distance restraints      :       0       0      0   0.000   0.000      0.0000       1.000
19 Disulfide angle restraints         :       0       0      0   0.000   0.000      0.0000       1.000
20 Disulfide dihedral angle restraints:       0       0      0   0.000   0.000      0.0000       1.000
21 Lower bound distance restraints    :       0       0      0   0.000   0.000      0.0000       1.000
22 Upper bound distance restraints    :       0       0      0   0.000   0.000      0.0000       1.000
23 Distance restraints 3 (SDCH-MNCH)  :      21       0      0   0.449   0.449     0.79263E-01   1.000
24 Sidechain Chi_5 dihedral restraints:       0       0      0   0.000   0.000      0.0000       1.000
25 Phi/Psi pair of dihedral restraints:       3       1      1  66.158 117.093      9.2833       1.000
26 Distance restraints 4 (SDCH-SDCH)  :       0       0      0   0.000   0.000      0.0000       1.000
27 Distance restraints 5 (X-Y)        :       0       0      0   0.000   0.000      0.0000       1.000
28 NMR distance restraints 6 (X-Y)    :       0       0      0   0.000   0.000      0.0000       1.000
29 NMR distance restraints 7 (X-Y)    :       0       0      0   0.000   0.000      0.0000       1.000
30 Minimal distance restraints        :       0       0      0   0.000   0.000      0.0000       1.000
31 Non-bonded restraints              :       0       0      0   0.000   0.000      0.0000       1.000
32 Atomic accessibility restraints    :       0       0      0   0.000   0.000      0.0000       1.000
33 Atomic density restraints          :       0       0      0   0.000   0.000      0.0000       1.000
34 Absolute position restraints       :       0       0      0   0.000   0.000      0.0000       1.000
35 Dihedral angle difference restraint:       0       0      0   0.000   0.000      0.0000       1.000
36 GBSA implicit solvent potential    :       0       0      0   0.000   0.000      0.0000       1.000
37 EM density fitting potential       :       0       0      0   0.000   0.000      0.0000       1.000
38 SAXS restraints                    :       0       0      0   0.000   0.000      0.0000       1.000
39 Symmetry restraints                :       0       0      0   0.000   0.000      0.0000       1.000



openf___224_> Open           5r84_fill.V99990002
# Heavy relative violation of each residue is written to: 5r84_fill.V99990002
# The profile is NOT normalized by the number of restraints.
# The profiles are smoothed over a window of residues:    1
# The sum of all numbers in the file:     398.9628



List of the violated restraints:
   A restraint is violated when the relative difference
   from the best value (RVIOL) is larger than CUTOFF.

   ICSR   ... index of a restraint in the current set.
   RESNO  ... residue numbers of the first two atoms.
   ATM    ... IUPAC atom names of the first two atoms.
   FEAT   ... the value of the feature in the model.
   restr  ... the mean of the basis restraint with the smallest
              difference from the model (local minimum).
   viol   ... difference from the local minimum.
   rviol  ... relative difference from the local minimum.
   RESTR  ... the best value (global minimum).
   VIOL   ... difference from the best value.
   RVIOL  ... relative difference from the best value.


-------------------------------------------------------------------------------------------------

Feature 25                           : Phi/Psi pair of dihedral restraints     
List of the RVIOL violations larger than   :       6.5000

    #   ICSR  RESNO1/2 ATM1/2   INDATM1/2    FEAT   restr    viol   rviol   RESTR    VIOL   RVIOL
    1   8611 304T 305F C   N    2346 2348  -84.26  -71.40   29.00    2.57  -63.20  160.40   20.89
    1        305F 305F N   CA   2348 2349  114.71  140.70                  -44.30


report______> Distribution of short non-bonded contacts:

  serious non-bonded atom clash:  1630 1667   1.777

DISTANCE1:  0.00 2.10 2.20 2.30 2.40 2.50 2.60 2.70 2.80 2.90 3.00 3.10 3.20 3.30 3.40
DISTANCE2:  2.10 2.20 2.30 2.40 2.50 2.60 2.70 2.80 2.90 3.00 3.10 3.20 3.30 3.40 3.50
FREQUENCY:     1    0    0    0    0   16   25   51  101  114  155  215  278  334  429


<< end of ENERGY.
openf___224_> Open           5r84_fill.B99990002.pdb
wrpdb___568_> Residues, atoms, selected atoms:      306     2368     2368

>> Summary of successfully produced models:
Filename                          molpdf
----------------------------------------
5r84_fill.B99990001.pdb         24.85556
5r84_fill.B99990002.pdb         23.61394


Dynamically allocated memory at          finish [B,KiB,MiB]:      6458642    6307.268     6.159
Starting time                                            : 2023/01/10 10:17:38
Closing time                                             : 2023/01/10 10:17:41
Total CPU time [seconds]                                 :       3.16
